{"level":"info","message":"Database connected","timestamp":"2025-12-29T13:24:56.651Z"}
{"level":"info","message":"Middlewares loaded","timestamp":"2025-12-29T13:24:56.655Z"}
{"level":"info","message":"Routes mounted: 1 endpoints","timestamp":"2025-12-29T13:24:56.656Z"}
{"level":"info","message":"Server started on port 3000","timestamp":"2025-12-29T13:24:56.658Z"}
{"level":"info","message":"Shutting down server...","timestamp":"2025-12-29T13:25:04.644Z"}
{"level":"info","message":"Database connected","timestamp":"2025-12-29T13:52:11.355Z"}
{"level":"info","message":"Middlewares loaded","timestamp":"2025-12-29T13:52:11.362Z"}
{"level":"info","message":"Routes mounted: 1 endpoints","timestamp":"2025-12-29T13:52:11.364Z"}
{"level":"info","message":"Server started on port 3000","timestamp":"2025-12-29T13:52:11.369Z"}
{"level":"info","message":"Shutting down server...","timestamp":"2025-12-29T13:56:18.303Z"}
{"level":"info","message":"Database connected","timestamp":"2025-12-30T09:16:22.493Z"}
{"level":"info","message":"Middlewares loaded","timestamp":"2025-12-30T09:16:22.499Z"}
{"level":"info","message":"Routes mounted: 1 endpoints","timestamp":"2025-12-30T09:16:22.500Z"}
{"level":"info","message":"Server started on port 3000","timestamp":"2025-12-30T09:16:22.504Z"}
{"level":"info","message":"Shutting down server...","timestamp":"2025-12-30T09:23:45.066Z"}
{"level":"info","message":"Database connected","timestamp":"2025-12-30T09:24:00.620Z"}
{"level":"info","message":"Middlewares loaded","timestamp":"2025-12-30T09:24:00.624Z"}
{"level":"info","message":"Routes mounted: 1 endpoints","timestamp":"2025-12-30T09:24:00.625Z"}
{"level":"info","message":"Server started on port 3000","timestamp":"2025-12-30T09:24:00.628Z"}
{"level":"info","message":"Shutting down server...","timestamp":"2025-12-30T09:24:45.684Z"}
{"level":"info","message":"Database connected","timestamp":"2025-12-30T11:05:09.472Z"}
{"level":"info","message":"Middlewares loaded","timestamp":"2025-12-30T11:05:09.476Z"}
{"level":"info","message":"Routes mounted: 1 endpoints","timestamp":"2025-12-30T11:05:09.477Z"}
{"level":"info","message":"Server started on port 3000","timestamp":"2025-12-30T11:05:09.479Z"}
{"level":"info","message":"Database connected","timestamp":"2025-12-31T13:04:50.397Z"}
{"level":"info","message":"Middlewares loaded","timestamp":"2025-12-31T13:04:50.401Z"}
{"level":"info","message":"Routes mounted: 1 endpoints","timestamp":"2025-12-31T13:04:50.401Z"}
{"level":"info","message":"Server started on port 3000","timestamp":"2025-12-31T13:04:50.404Z"}
{"level":"info","message":"Shutting down server...","timestamp":"2025-12-31T14:02:32.979Z"}
{"level":"info","message":"Shutting down server...","timestamp":"2025-12-31T14:02:35.496Z"}
{"level":"info","message":"Shutting down server...","timestamp":"2025-12-31T14:02:36.053Z"}
{"level":"info","message":"Shutting down server...","timestamp":"2025-12-31T14:02:36.406Z"}
{"level":"info","message":"Shutting down server...","timestamp":"2025-12-31T14:02:36.594Z"}
{"level":"info","message":"Shutting down server...","timestamp":"2025-12-31T14:02:36.773Z"}
{"level":"info","message":"Shutting down server...","timestamp":"2025-12-31T14:02:36.943Z"}
{"level":"info","message":"Shutting down server...","timestamp":"2025-12-31T14:02:37.573Z"}
{"level":"info","message":"Shutting down server...","timestamp":"2025-12-31T14:02:38.226Z"}
{"level":"info","message":"Shutting down server...","timestamp":"2025-12-31T14:02:38.467Z"}
{"level":"info","message":"Shutting down server...","timestamp":"2025-12-31T14:02:38.646Z"}
{"level":"info","message":"Shutting down server...","timestamp":"2025-12-31T14:02:38.816Z"}
{"level":"info","message":"Shutting down server...","timestamp":"2025-12-31T14:02:40.060Z"}
{"level":"info","message":"Shutting down server...","timestamp":"2025-12-31T14:02:40.434Z"}
{"level":"info","message":"Shutting down server...","timestamp":"2025-12-31T14:02:40.624Z"}
{"level":"info","message":"Shutting down server...","timestamp":"2025-12-31T14:02:40.807Z"}
{"level":"info","message":"Shutting down server...","timestamp":"2025-12-31T14:02:41.009Z"}
{"level":"info","message":"Shutting down server...","timestamp":"2025-12-31T14:02:41.193Z"}
{"level":"info","message":"Shutting down server...","timestamp":"2025-12-31T14:02:41.377Z"}
{"level":"info","message":"Shutting down server...","timestamp":"2025-12-31T14:02:41.553Z"}
{"level":"info","message":"Shutting down server...","timestamp":"2025-12-31T14:02:41.725Z"}
{"level":"info","message":"Shutting down server...","timestamp":"2025-12-31T14:02:41.895Z"}
{"level":"info","message":"Shutting down server...","timestamp":"2025-12-31T14:02:42.063Z"}
{"level":"info","message":"Shutting down server...","timestamp":"2025-12-31T14:02:42.396Z"}
{"level":"info","message":"Shutting down server...","timestamp":"2025-12-31T14:02:42.561Z"}
{"level":"info","message":"Shutting down server...","timestamp":"2025-12-31T14:02:42.727Z"}
{"level":"info","message":"Shutting down server...","timestamp":"2025-12-31T14:02:42.889Z"}
{"level":"info","message":"Database connected","timestamp":"2025-12-31T14:03:26.375Z"}
{"level":"info","message":"Middlewares loaded","timestamp":"2025-12-31T14:03:26.380Z"}
{"level":"info","message":"Routes mounted: 1 endpoints","timestamp":"2025-12-31T14:03:26.380Z"}
{"level":"info","message":"Server started on port 3000","timestamp":"2025-12-31T14:03:26.384Z"}
{"level":"info","message":"Shutting down server...","timestamp":"2025-12-31T14:04:56.873Z"}
{"level":"info","message":"Shutting down server...","timestamp":"2025-12-31T14:05:00.888Z"}
{"level":"info","message":"Shutting down server...","timestamp":"2025-12-31T14:05:01.270Z"}
{"level":"info","message":"Shutting down server...","timestamp":"2025-12-31T14:05:02.543Z"}
{"level":"info","message":"Shutting down server...","timestamp":"2025-12-31T14:05:02.704Z"}
{"level":"info","message":"Shutting down server...","timestamp":"2025-12-31T14:05:02.897Z"}
{"level":"info","message":"Shutting down server...","timestamp":"2025-12-31T14:05:03.078Z"}
{"level":"info","message":"Shutting down server...","timestamp":"2025-12-31T14:05:03.232Z"}
{"level":"info","message":"Shutting down server...","timestamp":"2025-12-31T14:05:03.399Z"}
{"level":"info","message":"Shutting down server...","timestamp":"2025-12-31T14:05:03.566Z"}
{"level":"info","message":"Shutting down server...","timestamp":"2025-12-31T14:05:03.721Z"}
{"level":"info","message":"Shutting down server...","timestamp":"2025-12-31T14:05:03.893Z"}
{"level":"info","message":"Shutting down server...","timestamp":"2025-12-31T14:05:04.061Z"}
{"level":"info","message":"Shutting down server...","timestamp":"2025-12-31T14:05:04.276Z"}
{"level":"info","message":"Shutting down server...","timestamp":"2025-12-31T14:05:07.598Z"}
{"level":"info","message":"Shutting down server...","timestamp":"2025-12-31T14:05:08.604Z"}
{"level":"info","message":"Shutting down server...","timestamp":"2025-12-31T14:05:08.850Z"}
{"level":"info","message":"Shutting down server...","timestamp":"2025-12-31T14:05:09.045Z"}
{"level":"info","message":"Shutting down server...","timestamp":"2025-12-31T14:05:09.232Z"}
{"level":"info","message":"Shutting down server...","timestamp":"2025-12-31T14:05:09.409Z"}
{"level":"info","message":"Shutting down server...","timestamp":"2025-12-31T14:05:09.595Z"}
{"level":"info","message":"Shutting down server...","timestamp":"2025-12-31T14:05:09.764Z"}
{"level":"info","message":"Shutting down server...","timestamp":"2025-12-31T14:05:09.929Z"}
{"level":"info","message":"Shutting down server...","timestamp":"2025-12-31T14:05:10.089Z"}
{"level":"info","message":"Shutting down server...","timestamp":"2025-12-31T14:05:10.245Z"}
{"level":"info","message":"Shutting down server...","timestamp":"2025-12-31T14:05:10.404Z"}
{"level":"info","message":"Shutting down server...","timestamp":"2025-12-31T14:05:10.564Z"}
{"level":"info","message":"Shutting down server...","timestamp":"2025-12-31T14:05:10.745Z"}
{"level":"info","message":"Shutting down server...","timestamp":"2025-12-31T14:05:10.912Z"}
{"level":"info","message":"Shutting down server...","timestamp":"2025-12-31T14:05:11.229Z"}
{"level":"info","message":"Shutting down server...","timestamp":"2025-12-31T14:05:11.369Z"}
{"level":"info","message":"Shutting down server...","timestamp":"2025-12-31T14:05:12.311Z"}
{"level":"info","message":"Shutting down server...","timestamp":"2025-12-31T14:05:12.703Z"}
{"level":"info","message":"Shutting down server...","timestamp":"2025-12-31T14:05:13.043Z"}
{"level":"info","message":"Shutting down server...","timestamp":"2025-12-31T14:05:13.721Z"}
{"level":"info","message":"Database connected","timestamp":"2025-12-31T14:06:12.184Z"}
{"level":"info","message":"Middlewares loaded","timestamp":"2025-12-31T14:06:12.188Z"}
{"level":"info","message":"Routes mounted: 1 endpoints","timestamp":"2025-12-31T14:06:12.188Z"}
{"level":"info","message":"Server started on port 3000","timestamp":"2025-12-31T14:06:12.192Z"}
{"level":"info","message":"Shutting down server...","timestamp":"2025-12-31T14:16:11.152Z"}
{"level":"info","message":"Database connected","timestamp":"2025-12-31T14:16:14.619Z"}
{"level":"info","message":"Middlewares loaded","timestamp":"2025-12-31T14:16:14.623Z"}
{"level":"info","message":"Routes mounted: 1 endpoints","timestamp":"2025-12-31T14:16:14.623Z"}
{"level":"info","message":"Server started on port 3000","timestamp":"2025-12-31T14:16:14.626Z"}
{"level":"info","message":"Shutting down server...","timestamp":"2025-12-31T14:18:48.900Z"}
{"level":"info","message":"Database connected","timestamp":"2025-12-31T14:19:37.432Z"}
{"level":"info","message":"Middlewares loaded","timestamp":"2025-12-31T14:19:37.436Z"}
{"level":"info","message":"Routes mounted: 1 endpoints","timestamp":"2025-12-31T14:19:37.436Z"}
{"level":"info","message":"Server started on port 3000","timestamp":"2025-12-31T14:19:37.439Z"}
{"level":"info","message":"Shutting down server...","timestamp":"2025-12-31T14:39:38.114Z"}
